<?xml version="1.0" encoding="UTF-8"?>
<!-- Generated by org.testng.reporters.JUnitReportReporter -->
<testsuite skipped="0" hostname="PUNGUPTA" name="LearnTestNG.SearchNameTest" tests="1" failures="0" timestamp="22 Mar 2017 17:53:31 GMT" time="7.360" errors="0">
  <testcase name="SearchNameOnGoogle" time="7.360" classname="LearnTestNG.SearchNameTest"/>
</testsuite> <!-- LearnTestNG.SearchNameTest -->
